2025-05-31 19:10:56.766 [background-preinit] [32mINFO [0;39m [36morg.hibernate.validator.internal.util.Version[0;39m - HV000001: Hibernate Validator 8.0.2.Final
2025-05-31 19:10:56.819 [main] [32mINFO [0;39m [36mkr.co.pinup.PinupApplication[0;39m - Starting PinupApplication using Java 17.0.13 with PID 28876 (C:\Users\hwija\Desktop\pinup-actions-lab\build\classes\java\main started by hwija in C:\Users\hwija\Desktop\pinup-actions-lab)
2025-05-31 19:10:56.820 [main] [32mINFO [0;39m [36mkr.co.pinup.PinupApplication[0;39m - No active profile set, falling back to 1 default profile: "local"
2025-05-31 19:10:58.182 [main] [32mINFO [0;39m [36morg.springframework.data.repository.config.RepositoryConfigurationDelegate[0;39m - Bootstrapping Spring Data JPA repositories in DEFAULT mode.
2025-05-31 19:10:58.382 [main] [32mINFO [0;39m [36morg.springframework.data.repository.config.RepositoryConfigurationDelegate[0;39m - Finished Spring Data repository scanning in 184 ms. Found 11 JPA repository interfaces.
2025-05-31 19:10:59.379 [main] [32mINFO [0;39m [36morg.springframework.boot.web.embedded.tomcat.TomcatWebServer[0;39m - Tomcat initialized with port 8080 (http)
2025-05-31 19:10:59.395 [main] [32mINFO [0;39m [36morg.apache.coyote.http11.Http11NioProtocol[0;39m - Initializing ProtocolHandler ["http-nio-8080"]
2025-05-31 19:10:59.398 [main] [32mINFO [0;39m [36morg.apache.catalina.core.StandardService[0;39m - Starting service [Tomcat]
2025-05-31 19:10:59.399 [main] [32mINFO [0;39m [36morg.apache.catalina.core.StandardEngine[0;39m - Starting Servlet engine: [Apache Tomcat/10.1.34]
2025-05-31 19:10:59.530 [main] [32mINFO [0;39m [36morg.apache.catalina.core.ContainerBase.[Tomcat].[localhost].[/][0;39m - Initializing Spring embedded WebApplicationContext
2025-05-31 19:10:59.530 [main] [32mINFO [0;39m [36morg.springframework.boot.web.servlet.context.ServletWebServerApplicationContext[0;39m - Root WebApplicationContext: initialization completed in 2440 ms
2025-05-31 19:10:59.928 [main] [32mINFO [0;39m [36mkr.co.pinup.security.SecurityUtil[0;39m - cookie.secure='false' → cookieSetting=true
2025-05-31 19:11:00.088 [main] [32mINFO [0;39m [36morg.hibernate.jpa.internal.util.LogHelper[0;39m - HHH000204: Processing PersistenceUnitInfo [name: default]
2025-05-31 19:11:00.133 [main] [32mINFO [0;39m [36morg.hibernate.Version[0;39m - HHH000412: Hibernate ORM core version 6.6.4.Final
2025-05-31 19:11:00.167 [main] [32mINFO [0;39m [36morg.hibernate.cache.internal.RegionFactoryInitiator[0;39m - HHH000026: Second-level cache disabled
2025-05-31 19:11:00.459 [main] [32mINFO [0;39m [36morg.springframework.orm.jpa.persistenceunit.SpringPersistenceUnitInfo[0;39m - No LoadTimeWeaver setup: ignoring JPA class transformer
2025-05-31 19:11:00.498 [main] [32mINFO [0;39m [36mcom.zaxxer.hikari.HikariDataSource[0;39m - HikariPool-1 - Starting...
2025-05-31 19:11:00.638 [main] [32mINFO [0;39m [36mcom.zaxxer.hikari.pool.HikariPool[0;39m - HikariPool-1 - Added connection org.postgresql.jdbc.PgConnection@56887c8f
2025-05-31 19:11:00.640 [main] [32mINFO [0;39m [36mcom.zaxxer.hikari.HikariDataSource[0;39m - HikariPool-1 - Start completed.
2025-05-31 19:11:00.674 [main] [33mWARN [0;39m [36morg.hibernate.orm.deprecation[0;39m - HHH90000025: PostgreSQLDialect does not need to be specified explicitly using 'hibernate.dialect' (remove the property setting and it will be selected by default)
2025-05-31 19:11:00.700 [main] [32mINFO [0;39m [36morg.hibernate.orm.connections.pooling[0;39m - HHH10001005: Database info:
	Database JDBC URL [Connecting through datasource 'HikariDataSource (HikariPool-1)']
	Database driver: undefined/unknown
	Database version: 16.6
	Autocommit mode: undefined/unknown
	Isolation level: undefined/unknown
	Minimum pool size: undefined/unknown
	Maximum pool size: undefined/unknown
2025-05-31 19:11:02.318 [main] [32mINFO [0;39m [36morg.hibernate.engine.transaction.jta.platform.internal.JtaPlatformInitiator[0;39m - HHH000489: No JTA platform available (set 'hibernate.transaction.jta.platform' to enable JTA platform integration)
2025-05-31 19:11:02.494 [main] [32mINFO [0;39m [36morg.springframework.orm.jpa.LocalContainerEntityManagerFactoryBean[0;39m - Initialized JPA EntityManagerFactory for persistence unit 'default'
2025-05-31 19:11:02.871 [main] [32mINFO [0;39m [36morg.springframework.data.jpa.repository.query.QueryEnhancerFactory[0;39m - Hibernate is in classpath; If applicable, HQL parser will be used.
2025-05-31 19:11:04.376 [main] [32mINFO [0;39m [36mkr.co.pinup.config.KakaoWebClientConfig[0;39m - 🔑 kakaoRestKey = f4bf7b7aa63cec62e8d39812abc50612
2025-05-31 19:11:04.376 [main] [32mINFO [0;39m [36mkr.co.pinup.config.KakaoWebClientConfig[0;39m - 🔑 kakaoJsKey   = e6c84f4e658018f352467363162e6f92
2025-05-31 19:11:05.381 [main] [33mWARN [0;39m [36morg.springframework.boot.autoconfigure.orm.jpa.JpaBaseConfiguration$JpaWebConfiguration[0;39m - spring.jpa.open-in-view is enabled by default. Therefore, database queries may be performed during view rendering. Explicitly configure spring.jpa.open-in-view to disable this warning
2025-05-31 19:11:05.511 [main] [32mINFO [0;39m [36morg.springframework.boot.autoconfigure.web.servlet.WelcomePageHandlerMapping[0;39m - Adding welcome page template: index
2025-05-31 19:11:06.123 [main] [33mWARN [0;39m [36morg.springframework.security.config.annotation.web.builders.WebSecurity[0;39m - You are asking Spring Security to ignore org.springframework.boot.autoconfigure.security.servlet.StaticResourceRequest$StaticResourceRequestMatcher@117f1636. This is not recommended -- please use permitAll via HttpSecurity#authorizeHttpRequests instead.
2025-05-31 19:11:07.161 [main] [32mINFO [0;39m [36morg.apache.coyote.http11.Http11NioProtocol[0;39m - Starting ProtocolHandler ["http-nio-8080"]
2025-05-31 19:11:07.183 [main] [32mINFO [0;39m [36morg.springframework.boot.web.embedded.tomcat.TomcatWebServer[0;39m - Tomcat started on port 8080 (http) with context path '/'
2025-05-31 19:11:07.197 [main] [32mINFO [0;39m [36mkr.co.pinup.PinupApplication[0;39m - Started PinupApplication in 10.944 seconds (process running for 11.55)
2025-05-31 19:11:07.209 [main] [32mINFO [0;39m [36mkr.co.pinup.custom.logging.StructuredLogger[0;39m - {"logLevel":"INFO","targetId":null,"requestId":"78d3b982-185b-41b6-8498-d69a4a9c802c","methodName":null,"className":null,"userNickName":null,"message":"✅ 테스트 로그 - INFO","timestamp":"2025-05-31T10:11:07.201575800Z"}
2025-05-31 19:11:07.210 [main] [33mWARN [0;39m [36mkr.co.pinup.custom.logging.StructuredLogger[0;39m - {"reason":"필수값 누락","warningType":"InvalidRequest","logLevel":"WARN","targetId":null,"requestId":"78d3b982-185b-41b6-8498-d69a4a9c802c","methodName":null,"className":null,"userNickName":null,"message":"⚠️ 테스트 로그 - WARN","timestamp":"2025-05-31T10:11:07.210621300Z"}
2025-05-31 19:11:07.211 [main] [31mERROR[0;39m [36mkr.co.pinup.custom.logging.StructuredLogger[0;39m - {"exceptionType":"RuntimeException","logLevel":"ERROR","targetId":null,"requestId":"78d3b982-185b-41b6-8498-d69a4a9c802c","responseTime":"123ms","query":"SELECT * FROM test","methodName":null,"className":null,"userNickName":null,"stackTrace":"kr.co.pinup.custom.logging.LogTestRunner.run(LogTestRunner.java:36)\norg.springframework.boot.SpringApplication.lambda$callRunner$5(SpringApplication.java:788)\norg.springframework.util.function.ThrowingConsumer$1.acceptWithException(ThrowingConsumer.java:82)\norg.springframework.util.function.ThrowingConsumer.accept(ThrowingConsumer.java:60)\norg.springframework.util.function.ThrowingConsumer$1.accept(ThrowingConsumer.java:86)\norg.springframework.boot.SpringApplication.callRunner(SpringApplication.java:796)\norg.springframework.boot.SpringApplication.callRunner(SpringApplication.java:787)\norg.springframework.boot.SpringApplication.lambda$callRunners$3(SpringApplication.java:772)\njava.base/java.util.stream.ForEachOps$ForEachOp$OfRef.accept(ForEachOps.java:183)\njava.base/java.util.stream.SortedOps$SizedRefSortingSink.end(SortedOps.java:357)\njava.base/java.util.stream.AbstractPipeline.copyInto(AbstractPipeline.java:510)\njava.base/java.util.stream.AbstractPipeline.wrapAndCopyInto(AbstractPipeline.java:499)\njava.base/java.util.stream.ForEachOps$ForEachOp.evaluateSequential(ForEachOps.java:150)\njava.base/java.util.stream.ForEachOps$ForEachOp$OfRef.evaluateSequential(ForEachOps.java:173)\njava.base/java.util.stream.AbstractPipeline.evaluate(AbstractPipeline.java:234)\njava.base/java.util.stream.ReferencePipeline.forEach(ReferencePipeline.java:596)\norg.springframework.boot.SpringApplication.callRunners(SpringApplication.java:772)\norg.springframework.boot.SpringApplication.run(SpringApplication.java:325)\norg.springframework.boot.SpringApplication.run(SpringApplication.java:1361)\norg.springframework.boot.SpringApplication.run(SpringApplication.java:1350)\nkr.co.pinup.PinupApplication.main(PinupApplication.java:12)\n","message":"❌ 테스트 로그 - ERROR","timestamp":"2025-05-31T10:11:07.210621300Z"}
2025-05-31 19:12:19.259 [http-nio-8080-exec-1] [32mINFO [0;39m [36morg.apache.catalina.core.ContainerBase.[Tomcat].[localhost].[/][0;39m - Initializing Spring DispatcherServlet 'dispatcherServlet'
2025-05-31 19:12:19.259 [http-nio-8080-exec-1] [32mINFO [0;39m [36morg.springframework.web.servlet.DispatcherServlet[0;39m - Initializing Servlet 'dispatcherServlet'
2025-05-31 19:12:19.261 [http-nio-8080-exec-1] [32mINFO [0;39m [36morg.springframework.web.servlet.DispatcherServlet[0;39m - Completed initialization in 2 ms
2025-05-31 19:12:20.283 [http-nio-8080-exec-4] [32mINFO [0;39m [36mkr.co.pinup.stores.controller.StoreApiController[0;39m - 모든 팝업스토어 목록 요청됨
2025-05-31 19:12:20.294 [http-nio-8080-exec-4] [32mINFO [0;39m [36mkr.co.pinup.stores.service.StoreService[0;39m - 모든 팝업스토어 조회 요청
2025-05-31 19:12:23.900 [http-nio-8080-exec-7] [32mINFO [0;39m [36mkr.co.pinup.stores.controller.StoreApiController[0;39m - 모든 팝업스토어 목록 요청됨
2025-05-31 19:12:23.900 [http-nio-8080-exec-7] [32mINFO [0;39m [36mkr.co.pinup.stores.service.StoreService[0;39m - 모든 팝업스토어 조회 요청
2025-05-31 19:12:25.726 [http-nio-8080-exec-8] [32mINFO [0;39m [36mkr.co.pinup.stores.service.StoreService[0;39m - 특정 팝업스토어 조회 요청 - ID: 2
2025-05-31 19:12:37.631 [http-nio-8080-exec-1] [32mINFO [0;39m [36mkr.co.pinup.custom.logging.StructuredLogger[0;39m - {"logLevel":"INFO","targetId":"19","requestId":"7de4e945-0f43-4335-b220-751ec622b9d3","methodName":"createPost","className":"PostService","userNickName":"편안한 수달","message":"게시글 생성 완료: postId=19, title=ㄴㄹ","timestamp":"2025-05-31T10:12:37.631927900Z"}
2025-05-31 19:12:38.500 [http-nio-8080-exec-9] [32mINFO [0;39m [36mkr.co.pinup.stores.service.StoreService[0;39m - 특정 팝업스토어 조회 요청 - ID: 2
2025-05-31 19:17:53.436 [SpringApplicationShutdownHook] [32mINFO [0;39m [36morg.springframework.boot.web.embedded.tomcat.GracefulShutdown[0;39m - Commencing graceful shutdown. Waiting for active requests to complete
